shape: (230, 8)
┌────────────┬────────────┬────────────┬──────────┬────────────┬───────────┬───────────┬───────────┐
│ Idiom      ┆ Sentence   ┆ Translatio ┆ Matching ┆ zero_exper ┆ one_exper ┆ two_exper ┆ five_expe │
│ ---        ┆ ---        ┆ n          ┆ ---      ┆ iment      ┆ iment     ┆ iment     ┆ riment    │
│ str        ┆ str        ┆ ---        ┆ i64      ┆ ---        ┆ ---       ┆ ---       ┆ ---       │
│            ┆            ┆ str        ┆          ┆ str        ┆ str       ┆ str       ┆ str       │
╞════════════╪════════════╪════════════╪══════════╪════════════╪═══════════╪═══════════╪═══════════╡
│ 가방끈이   ┆ 언니가     ┆ You are    ┆ 0        ┆ null       ┆ null      ┆ 가방끈이  ┆ 가방끈이  │
│ 길다       ┆ 나보다     ┆ more       ┆          ┆            ┆           ┆ 길다      ┆ 길다      │
│            ┆ 가방끈이   ┆ educated   ┆          ┆            ┆           ┆           ┆           │
│            ┆ 기니까 더  ┆ than me,   ┆          ┆            ┆           ┆           ┆           │
│            ┆ 잘 판단할  ┆ s…         ┆          ┆            ┆           ┆           ┆           │
│            ┆ 수 있을 줄 ┆            ┆          ┆            ┆           ┆           ┆           │
│            ┆ …          ┆            ┆          ┆            ┆           ┆           ┆           │
│ 가재는 게  ┆ 가재는 게  ┆ Birds of a ┆ 1        ┆ null       ┆ null      ┆ 가재는 게 ┆ 가재는 게 │
│ 편이다     ┆ 편이라고   ┆ feather    ┆          ┆            ┆           ┆ 편이라고  ┆ 편이다    │
│            ┆ 그         ┆ flock      ┆          ┆            ┆           ┆           ┆           │
│            ┆ 사람들은   ┆ togethe…   ┆          ┆            ┆           ┆           ┆           │
│            ┆ 자기네     ┆            ┆          ┆            ┆           ┆           ┆           │
│            ┆ 동네       ┆            ┆          ┆            ┆           ┆           ┆           │
│            ┆ 사람을     ┆            ┆          ┆            ┆           ┆           ┆           │
│            ┆ 도와줄…    ┆            ┆          ┆            ┆           ┆           ┆           │
│ 간         ┆ 장난 좀    ┆ Stop       ┆ 0        ┆ null       ┆ 간        ┆ 장난치다  ┆ 장난을    │
│ 떨어지다   ┆ 그만 쳐.   ┆ kidding    ┆          ┆            ┆ 떨어지는  ┆           ┆ 치다/간   │
│            ┆ 간         ┆ me. It     ┆          ┆            ┆ 줄        ┆           ┆ 떨어지는  │
│            ┆ 떨어지는   ┆ scared me  ┆          ┆            ┆           ┆           ┆ 줄 알다   │
│            ┆ 줄         ┆ of…        ┆          ┆            ┆           ┆           ┆           │
│            ┆ 알았잖아.  ┆            ┆          ┆            ┆           ┆           ┆           │
│ 강 건너    ┆ 당신은 강  ┆ You act    ┆ 0        ┆ null       ┆ 강 건너   ┆ 강 건너   ┆ 강 건너   │
│ 불구경     ┆ 건너 불    ┆ like it    ┆          ┆            ┆ 불 보기   ┆ 불        ┆ 불        │
│            ┆ 구경하듯   ┆ doesn't    ┆          ┆            ┆           ┆ 구경하다  ┆ 구경하다  │
│            ┆ 하네요.    ┆ concern …  ┆          ┆            ┆           ┆           ┆           │
│ 걱정이     ┆ 올해는     ┆ People     ┆ 0        ┆ null       ┆ null      ┆ 걱정이    ┆ 걱정이    │
│ 태산이다   ┆ 농도마저   ┆ with respi ┆          ┆            ┆           ┆ 태산이다  ┆ 태산이다  │
│            ┆ 더 짙어질  ┆ ratory     ┆          ┆            ┆           ┆           ┆           │
│            ┆ 것이라고   ┆ diseases…  ┆          ┆            ┆           ┆           ┆           │
│            ┆ 하니 감기· ┆            ┆          ┆            ┆           ┆           ┆           │
│            ┆ 천식·기관  ┆            ┆          ┆            ┆           ┆           ┆           │
│            ┆ 지…        ┆            ┆          ┆            ┆           ┆           ┆           │
│ …          ┆ …          ┆ …          ┆ …        ┆ …          ┆ …         ┆ …         ┆ …         │
│ 혀를       ┆ 방송을     ┆ After the  ┆ 0        ┆ null       ┆ 혀를      ┆ 혀를      ┆ 혀를      │
│ 내두르다   ┆ 마친 김    ┆ broadcast, ┆          ┆            ┆ 내둘렀다  ┆ 내둘리다  ┆ 내둘리다  │
│            ┆ 수석연구원 ┆ Kim, a     ┆          ┆            ┆           ┆           ┆           │
│            ┆ 은 “나름   ┆ lead…      ┆          ┆            ┆           ┆           ┆           │
│            ┆ 방송       ┆            ┆          ┆            ┆           ┆           ┆           │
│            ┆ 경험이     ┆            ┆          ┆            ┆           ┆           ┆           │
│            ┆ 있는 편이… ┆            ┆          ┆            ┆           ┆           ┆           │
│ 혈안이     ┆ 그의       ┆ Around him ┆ 0        ┆ null       ┆ null      ┆ 혈안이    ┆ 혈안이    │
│ 되다       ┆ 주변엔     ┆ are        ┆          ┆            ┆           ┆ 되다      ┆ 되다      │
│            ┆ 전교 1등   ┆ mothers    ┆          ┆            ┆           ┆           ┆           │
│            ┆ 아이가     ┆ who are d… ┆          ┆            ┆           ┆           ┆           │
│            ┆ 어떤       ┆            ┆          ┆            ┆           ┆           ┆           │
│            ┆ 학원에     ┆            ┆          ┆            ┆           ┆           ┆           │
│            ┆ 다니고     ┆            ┆          ┆            ┆           ┆           ┆           │
│            ┆ 어떻게 …   ┆            ┆          ┆            ┆           ┆           ┆           │
│ 호랑이도   ┆ 호랑이도   ┆ Speak of   ┆ 1        ┆ null       ┆ 호랑이도  ┆ 호랑이도  ┆ 호랑이도  │
│ 제 말하면  ┆ 제말하면   ┆ the devil, ┆          ┆            ┆ 제말하면  ┆ 제말하면  ┆ 제말하면  │
│ 온다       ┆ 나타난다더 ┆ here he    ┆          ┆            ┆ 나타난다  ┆ 나타난다  ┆ 나타난다  │
│            ┆ 니만, 이제 ┆ come…      ┆          ┆            ┆           ┆           ┆           │
│            ┆ 오시는구만 ┆            ┆          ┆            ┆           ┆           ┆           │
│            ┆ .          ┆            ┆          ┆            ┆           ┆           ┆           │
│ 호흡을     ┆ 노출이     ┆ It is not  ┆ 0        ┆ null       ┆ 호흡을    ┆ 호흡을    ┆ 호흡을    │
│ 맞추다     ┆ 많은 아티  ┆ a common   ┆          ┆            ┆ 맞추다    ┆ 맞추다    ┆ 맞추다    │
│            ┆ 스트들,    ┆ opportunit ┆          ┆            ┆           ┆           ┆           │
│            ┆ 그것도     ┆ y f…       ┆          ┆            ┆           ┆           ┆           │
│            ┆ 서로 다른  ┆            ┆          ┆            ┆           ┆           ┆           │
│            ┆ 기획사     ┆            ┆          ┆            ┆           ┆           ┆           │
│            ┆ 소속 아…   ┆            ┆          ┆            ┆           ┆           ┆           │
│ 화촉을     ┆ 조수애     ┆ Past       ┆ 1        ┆ 재조명     ┆ null      ┆ 재조명    ┆ 화촉을    │
│ 밝히다     ┆ 아나운서가 ┆ interviews ┆          ┆ 되다       ┆           ┆ 되다      ┆ 밝히다    │
│            ┆ 재벌 2세인 ┆ are being  ┆          ┆            ┆           ┆           ┆           │
│            ┆ 두산매거진 ┆ re-eme…    ┆          ┆            ┆           ┆           ┆           │
│            ┆ 박서원     ┆            ┆          ┆            ┆           ┆           ┆           │
│            ┆ 대표와 화… ┆            ┆          ┆            ┆           ┆           ┆           │
└────────────┴────────────┴────────────┴──────────┴────────────┴───────────┴───────────┴───────────┘
['Idiom', 'Sentence', 'Translation', 'Matching', 'zero_experiment', 'one_experiment', 'two_experiment', 'five_experiment']
